{
  "RSpec": {
    "coverage": {
      "/home/alan/cic/es/CAMAAR/app/helpers/application_helper.rb": {
        "lines": [
          1,
          null
        ]
      },
      "/home/alan/cic/es/CAMAAR/app/models/curso.rb": {
        "lines": [
          1,
          1,
          1,
          null
        ]
      },
      "/home/alan/cic/es/CAMAAR/app/models/application_record.rb": {
        "lines": [
          1,
          1,
          null
        ]
      },
      "/home/alan/cic/es/CAMAAR/app/models/departamento.rb": {
        "lines": [
          1,
          1,
          null,
          1,
          1,
          null,
          1,
          null,
          1,
          5,
          11,
          null,
          null
        ]
      },
      "/home/alan/cic/es/CAMAAR/app/models/disciplina.rb": {
        "lines": [
          1,
          1,
          null,
          1,
          null,
          1,
          1,
          null,
          1,
          4,
          null,
          null
        ]
      },
      "/home/alan/cic/es/CAMAAR/app/models/formulario.rb": {
        "lines": [
          1,
          1,
          null,
          1,
          1,
          1,
          1,
          null,
          1,
          1,
          null,
          1,
          1,
          1,
          1,
          1,
          1,
          null,
          1,
          null,
          1,
          23,
          20,
          0,
          null,
          null,
          null,
          1,
          23,
          1,
          null,
          null,
          null,
          1,
          23,
          null,
          20,
          20,
          1,
          null,
          null,
          null,
          null,
          1,
          23,
          null,
          20,
          1,
          null,
          null,
          null,
          1,
          23,
          null,
          null,
          1,
          20,
          20,
          1,
          null,
          null,
          null,
          1,
          20,
          null,
          null,
          1,
          20,
          null,
          null
        ]
      },
      "/home/alan/cic/es/CAMAAR/app/models/matricula.rb": {
        "lines": [
          1,
          1,
          null,
          1,
          1,
          null,
          1,
          1,
          null
        ]
      },
      "/home/alan/cic/es/CAMAAR/app/models/questao_template.rb": {
        "lines": [
          1,
          1,
          null,
          1,
          1,
          null,
          1,
          1,
          null,
          null,
          null,
          1,
          20,
          2,
          18,
          2,
          null,
          16,
          null,
          null,
          null
        ]
      },
      "/home/alan/cic/es/CAMAAR/app/models/resposta_item.rb": {
        "lines": [
          1,
          1,
          null,
          1,
          1,
          null
        ]
      },
      "/home/alan/cic/es/CAMAAR/app/models/resposta.rb": {
        "lines": [
          1,
          1,
          null,
          1,
          1,
          1,
          null
        ]
      },
      "/home/alan/cic/es/CAMAAR/app/models/template.rb": {
        "lines": [
          1,
          1,
          null,
          1,
          1,
          1,
          null,
          1,
          null,
          1,
          1,
          null,
          1,
          null,
          1,
          34,
          3,
          2,
          null,
          null,
          null
        ]
      },
      "/home/alan/cic/es/CAMAAR/app/models/turma.rb": {
        "lines": [
          1,
          1,
          null,
          1,
          1,
          1,
          1,
          1,
          1,
          null,
          1,
          1,
          1,
          15,
          null,
          null,
          1,
          10,
          null,
          null,
          1,
          5,
          null,
          null,
          1,
          2,
          null,
          null,
          1,
          0,
          0,
          0,
          0,
          null,
          null
        ]
      },
      "/home/alan/cic/es/CAMAAR/app/models/usuario.rb": {
        "lines": [
          1,
          1,
          null,
          1,
          1,
          1,
          1,
          1,
          null,
          1,
          1,
          null,
          1,
          null,
          null,
          1,
          70,
          70,
          null,
          0,
          null,
          null,
          1,
          121,
          121,
          null,
          null,
          1,
          null,
          1,
          2,
          null,
          null,
          null,
          1,
          2,
          2,
          2,
          2,
          null,
          null,
          1,
          9,
          9,
          9,
          9,
          null,
          null,
          1,
          null,
          1,
          3,
          null,
          3,
          3,
          3,
          3,
          null,
          null,
          1,
          0,
          null,
          null,
          1,
          3,
          null,
          null,
          1,
          3,
          null,
          null,
          1,
          3,
          null,
          null,
          1,
          3,
          null,
          null
        ]
      },
      "/home/alan/cic/es/CAMAAR/app/controllers/sessions_controller.rb": {
        "lines": [
          1,
          1,
          4,
          null,
          2,
          1,
          null,
          1,
          null,
          null,
          null,
          1,
          72,
          72,
          null,
          72,
          null,
          71,
          null,
          null,
          1,
          1,
          1,
          1,
          null,
          null,
          1,
          null,
          1,
          71,
          71,
          67,
          66,
          65,
          null,
          64,
          null,
          null,
          1,
          1,
          1,
          null,
          null,
          1,
          71,
          null,
          null,
          1,
          67,
          null,
          null,
          1,
          1,
          1,
          null,
          null,
          1,
          4,
          2,
          2,
          1,
          null,
          1,
          null,
          4,
          null,
          null,
          1,
          1,
          0,
          null,
          1,
          null,
          1,
          null,
          null,
          1,
          1,
          1,
          null,
          null,
          1,
          64,
          64,
          64,
          51,
          null,
          13,
          null,
          null,
          null
        ]
      },
      "/home/alan/cic/es/CAMAAR/app/controllers/application_controller.rb": {
        "lines": [
          1,
          null,
          1,
          null,
          null,
          1,
          null,
          1,
          null,
          158,
          null,
          1,
          null,
          1,
          0,
          null,
          null,
          1,
          462,
          null,
          null,
          1,
          72,
          null,
          null,
          1,
          10,
          0,
          0,
          null,
          null,
          null,
          1,
          50,
          2,
          2,
          null,
          null,
          null
        ]
      },
      "/home/alan/cic/es/CAMAAR/app/controllers/admin_controller.rb": {
        "lines": [
          1,
          1,
          null,
          null,
          1,
          null,
          1,
          3,
          1,
          null,
          null,
          null,
          3,
          null,
          null,
          null,
          null,
          null,
          null,
          null,
          1,
          3,
          null,
          null,
          2,
          1,
          null,
          1,
          null,
          2,
          null,
          null,
          1,
          1,
          1,
          null,
          null,
          null,
          1,
          4,
          4,
          3,
          null,
          1,
          null,
          null,
          4,
          3,
          null,
          null,
          null,
          1,
          2,
          2,
          1,
          1,
          null,
          null,
          1,
          null,
          null,
          1,
          1,
          1,
          null,
          1,
          null,
          0,
          null,
          null,
          null,
          null,
          null,
          null,
          null,
          1,
          3,
          0,
          0,
          null,
          null,
          3,
          null,
          null,
          1,
          1,
          null,
          null,
          1,
          12,
          5,
          4,
          3,
          null,
          1,
          1,
          1,
          null,
          12,
          null,
          null,
          1,
          7,
          7,
          7,
          null,
          null,
          1,
          1,
          1,
          1,
          null,
          null,
          1,
          16,
          null,
          null,
          1,
          null,
          1,
          9,
          9,
          5,
          5,
          5,
          null,
          4,
          null,
          null,
          1,
          9,
          7,
          6,
          5,
          4,
          null,
          null,
          1,
          1,
          1,
          1,
          null,
          1,
          9,
          null,
          null,
          1,
          13,
          null,
          null,
          1,
          5,
          null,
          null,
          1,
          5,
          1,
          1,
          1,
          null,
          4,
          null,
          null,
          1,
          1,
          null,
          1,
          1,
          null,
          1,
          1,
          null,
          1,
          0,
          null,
          1,
          null,
          null,
          null
        ]
      },
      "/home/alan/cic/es/CAMAAR/app/services/test_data_loader.rb": {
        "lines": [
          1,
          1,
          0,
          0,
          0,
          0,
          null,
          0,
          0,
          null,
          null,
          null,
          1,
          null,
          1,
          0,
          0,
          0,
          0,
          0,
          0,
          0,
          0,
          0,
          0,
          0,
          null,
          null,
          1,
          0,
          null,
          null,
          null,
          null,
          null,
          null,
          null,
          null,
          null,
          1,
          0,
          null,
          null,
          1,
          0,
          0,
          null,
          0,
          0,
          null,
          null,
          null,
          1,
          0,
          null,
          null,
          null,
          null,
          0,
          null,
          null,
          null,
          null,
          null,
          null,
          null,
          1,
          0,
          0,
          null,
          0,
          0,
          0,
          null,
          null,
          null,
          1,
          0,
          0,
          null,
          0,
          0,
          null,
          0,
          0,
          null,
          null,
          1,
          0,
          null,
          null,
          null,
          null,
          null,
          null,
          1,
          0,
          0,
          0,
          null,
          null,
          null,
          null,
          null,
          null,
          null,
          null,
          null,
          0,
          null,
          null,
          1,
          0,
          0,
          null,
          null,
          null,
          1,
          0,
          null,
          0,
          0,
          0,
          0,
          0,
          0,
          0,
          0,
          null,
          null,
          0,
          null,
          null,
          null,
          null,
          null,
          null
        ]
      },
      "/home/alan/cic/es/CAMAAR/app/controllers/avaliacoes_controller.rb": {
        "lines": [
          1,
          1,
          1,
          null,
          1,
          6,
          null,
          0,
          null,
          2,
          null,
          4,
          null,
          null,
          null,
          1,
          null,
          null,
          null,
          1,
          3,
          2,
          null,
          1,
          1,
          null,
          null,
          null,
          null,
          1,
          null,
          null,
          1,
          1,
          null,
          0,
          0,
          null,
          null,
          1,
          null,
          1,
          3,
          null,
          1,
          1,
          1,
          null,
          null,
          1,
          2,
          null,
          1,
          1,
          1,
          null,
          null,
          1,
          0,
          0,
          null,
          null,
          1,
          2,
          2,
          null,
          null,
          1,
          4,
          4,
          null,
          null,
          1,
          6,
          6,
          null,
          6,
          null,
          null,
          null,
          null,
          null,
          6,
          6,
          null,
          null,
          1,
          2,
          2,
          null,
          null,
          null,
          1,
          3,
          null,
          3,
          0,
          null,
          3,
          null,
          null,
          null,
          1,
          1,
          1,
          1,
          null,
          1,
          null,
          null,
          null,
          1,
          1,
          null,
          null,
          null,
          null,
          1,
          null,
          null,
          null,
          1,
          null,
          1,
          4,
          null,
          null
        ]
      },
      "/home/alan/cic/es/CAMAAR/app/controllers/formularios_controller.rb": {
        "lines": [
          1,
          1,
          null,
          1,
          1,
          1,
          1,
          null,
          null,
          1,
          6,
          null,
          6,
          3,
          null,
          3,
          null,
          null,
          null,
          1,
          null,
          1,
          null,
          6,
          null,
          null,
          null,
          null,
          null,
          null,
          null,
          null,
          null,
          1,
          6,
          6,
          1,
          1,
          null,
          null,
          1,
          36,
          null,
          null,
          1,
          12,
          8,
          null,
          0,
          null,
          null,
          1,
          3,
          null,
          null,
          null,
          null,
          null,
          null,
          null,
          null,
          null,
          3,
          0,
          0,
          null,
          3,
          null,
          null,
          null,
          1,
          3,
          3,
          3,
          3,
          null,
          null,
          1,
          3,
          null,
          null,
          1,
          3,
          3,
          3,
          2,
          3,
          3,
          1,
          0,
          null,
          null,
          1,
          1,
          1,
          null,
          1,
          2,
          0,
          0,
          null,
          null,
          1,
          1,
          null,
          null,
          1,
          4,
          3,
          null,
          null,
          1,
          3,
          null,
          2,
          2,
          2,
          null,
          null,
          1,
          1,
          1,
          null,
          null,
          1,
          2,
          2,
          2,
          2,
          3,
          3,
          null,
          null,
          2,
          null,
          null,
          1,
          3,
          null,
          null,
          null,
          null,
          null,
          null,
          3,
          null,
          null,
          null,
          1,
          2,
          1,
          1,
          null,
          1,
          1,
          null,
          null,
          null
        ]
      },
      "/home/alan/cic/es/CAMAAR/app/controllers/passwords_controller.rb": {
        "lines": [
          1,
          null,
          1,
          null,
          1,
          0,
          0,
          0,
          null,
          null,
          1,
          0,
          0,
          0,
          null,
          null,
          1,
          0,
          null,
          null,
          1,
          1,
          1,
          null,
          null,
          1,
          0,
          0,
          null,
          0,
          null,
          0,
          0,
          null,
          0,
          null,
          null,
          null,
          1,
          null,
          null,
          null,
          1,
          3,
          3,
          2,
          null,
          1,
          1,
          null,
          1,
          1,
          null,
          null,
          1,
          1,
          1,
          null,
          null,
          1,
          1,
          1,
          null,
          null,
          1,
          2,
          2,
          2,
          null,
          null,
          1,
          2,
          2,
          2,
          null,
          null,
          1,
          2,
          null,
          null,
          1,
          5,
          5,
          4,
          3,
          null,
          2,
          null,
          2,
          1,
          null,
          1,
          null,
          null,
          null,
          1,
          null,
          1,
          5,
          5,
          null,
          null,
          1,
          0,
          0,
          0,
          null,
          null,
          1,
          4,
          null,
          1,
          1,
          1,
          null,
          null,
          1,
          2,
          2,
          2,
          null,
          null,
          1,
          0,
          0,
          0,
          0,
          0,
          0,
          null,
          null,
          1,
          1,
          1,
          null,
          null,
          1,
          5,
          1,
          1,
          1,
          null,
          4,
          null,
          null,
          1,
          3,
          1,
          1,
          1,
          null,
          2,
          null,
          null,
          1,
          1,
          1,
          1,
          1,
          null,
          null
        ]
      },
      "/home/alan/cic/es/CAMAAR/app/controllers/resultados_controller.rb": {
        "lines": [
          1,
          null,
          1,
          1,
          null,
          1,
          1,
          null,
          null,
          1,
          2,
          2,
          2,
          null,
          2,
          2,
          null,
          2,
          3,
          null,
          null,
          null,
          1,
          1,
          null,
          null,
          1,
          4,
          null,
          3,
          3,
          3,
          null,
          3,
          null,
          2,
          2,
          null,
          null,
          1,
          null,
          1,
          3,
          3,
          1,
          null,
          2,
          null,
          null,
          null,
          1,
          1,
          null,
          null,
          1,
          null,
          null,
          null,
          null,
          null,
          null,
          1,
          1,
          null,
          null,
          1,
          1,
          5,
          5,
          5,
          null,
          null,
          null,
          1,
          null,
          2,
          null,
          null,
          null,
          null,
          1,
          4,
          1,
          1,
          1,
          null,
          3,
          null,
          null,
          1,
          3,
          1,
          1,
          1,
          null,
          2,
          null,
          null,
          1,
          3,
          null,
          null,
          1,
          2,
          2,
          2,
          2,
          null,
          null,
          1,
          2,
          2,
          null,
          2,
          2,
          2,
          2,
          null,
          null,
          null,
          null,
          null,
          1,
          2,
          1,
          null,
          null,
          1,
          2,
          2,
          null,
          2,
          2,
          null,
          null,
          null,
          1,
          2,
          null,
          null,
          1,
          2,
          null,
          null,
          1,
          4,
          1,
          1,
          null,
          null,
          null
        ]
      },
      "/home/alan/cic/es/CAMAAR/app/controllers/templates_controller.rb": {
        "lines": [
          1,
          1,
          null,
          1,
          2,
          2,
          null,
          null,
          1,
          5,
          null,
          5,
          null,
          4,
          4,
          null,
          3,
          3,
          null,
          1,
          null,
          null,
          1,
          1,
          null,
          null,
          1,
          2,
          2,
          1,
          1,
          null,
          1,
          1,
          null,
          null,
          null,
          1,
          2,
          2,
          1,
          null,
          1,
          1,
          null,
          2,
          null,
          null,
          1,
          null,
          1,
          3,
          3,
          1,
          1,
          1,
          null,
          1,
          null,
          null,
          null,
          null,
          1,
          2,
          null,
          null,
          1,
          5,
          5,
          null,
          null,
          null,
          null,
          null,
          null,
          null,
          1,
          5,
          1,
          1,
          1,
          1,
          null,
          4,
          null,
          null,
          null,
          1,
          4,
          8,
          null,
          null,
          1,
          4,
          1,
          1,
          1,
          1,
          null,
          3,
          null,
          null,
          null,
          1,
          1,
          1,
          null,
          null,
          null,
          null,
          null,
          null,
          null,
          null,
          null,
          1,
          2,
          2,
          2,
          null,
          null
        ]
      },
      "/home/alan/cic/es/CAMAAR/app/jobs/application_job.rb": {
        "lines": [
          0,
          null,
          null,
          null,
          null,
          null,
          0
        ],
        "branches": {}
      },
      "/home/alan/cic/es/CAMAAR/app/mailers/application_mailer.rb": {
        "lines": [
          0,
          0,
          0,
          0
        ],
        "branches": {}
      }
    },
    "timestamp": 1782414951
  }
}
